{
  "RSpec": {
    "coverage": {
      "/Users/annie/MakersProjs/10-week/bank-tech-test/spec/bank_spec.rb": {
        "lines": [
          null,
          null,
          1,
          null,
          1,
          7,
          7,
          5,
          7,
          4,
          2,
          null,
          1,
          1,
          3,
          3,
          null,
          null,
          null,
          1,
          1,
          1,
          1,
          null,
          null,
          1,
          1,
          1,
          1,
          1,
          1,
          null,
          null,
          1,
          1,
          1,
          null,
          null,
          null,
          1,
          1,
          1,
          1,
          null,
          1,
          1,
          1,
          null,
          null,
          null,
          null,
          null,
          null,
          null,
          null,
          null,
          null,
          1,
          1,
          2,
          3,
          null,
          2,
          null,
          null,
          1,
          1,
          1,
          null,
          null,
          1,
          3,
          1,
          null,
          null,
          null
        ]
      },
      "/Users/annie/MakersProjs/10-week/bank-tech-test/lib/bank.rb": {
        "lines": [
          null,
          null,
          1,
          null,
          1,
          1,
          null,
          1,
          8,
          8,
          null,
          null,
          1,
          11,
          11,
          null,
          null,
          1,
          4,
          4,
          6,
          4,
          null,
          2,
          null,
          null,
          4,
          null,
          null,
          null,
          null,
          null,
          null,
          null,
          1,
          null,
          1,
          null,
          1,
          10,
          null,
          null,
          1,
          4,
          null,
          null,
          1,
          2,
          null,
          null,
          null,
          null,
          1,
          4,
          null,
          null,
          null,
          null
        ]
      },
      "/Users/annie/MakersProjs/10-week/bank-tech-test/lib/transaction.rb": {
        "lines": [
          null,
          null,
          null,
          1,
          1,
          null,
          1,
          5,
          null,
          null,
          null,
          null
        ]
      },
      "/Users/annie/MakersProjs/10-week/bank-tech-test/spec/feature_spec.rb": {
        "lines": [
          null,
          null,
          1,
          null,
          1,
          3,
          3,
          null,
          1,
          1,
          1,
          1,
          1,
          1,
          1,
          1,
          null,
          null,
          1,
          1,
          1,
          1,
          1,
          1,
          1,
          null,
          null,
          null
        ]
      },
      "/Users/annie/MakersProjs/10-week/bank-tech-test/spec/statement_spec.rb": {
        "lines": [
          1,
          null,
          1,
          1,
          1,
          1,
          1,
          null,
          null,
          null
        ]
      },
      "/Users/annie/MakersProjs/10-week/bank-tech-test/lib/statement.rb": {
        "lines": [
          1,
          1,
          1,
          null,
          null,
          null,
          null
        ]
      },
      "/Users/annie/MakersProjs/10-week/bank-tech-test/spec/transaction_spec.rb": {
        "lines": [
          1,
          null,
          1,
          1,
          1,
          1,
          1,
          1,
          1,
          null,
          null,
          null
        ]
      }
    },
    "timestamp": 1615301371
  }
}
