{
  "RSpec": {
    "coverage": {
      "/Users/annie/MakersProjs/10-week/game_of_life/spec/board_spec.rb": {
        "lines": [
          null,
          null,
          1,
          null,
          1,
          1,
          1,
          1,
          1,
          null,
          null,
          null,
          1,
          1,
          1,
          1,
          1,
          null,
          null,
          null,
          1,
          1,
          1,
          1,
          1,
          null,
          null,
          null,
          null,
          null,
          null,
          null,
          1,
          null,
          null,
          null,
          1,
          1,
          5,
          null,
          null,
          1,
          1,
          1,
          null,
          null,
          1,
          1,
          1,
          1,
          null,
          null,
          1,
          1,
          1,
          1,
          1,
          null,
          null,
          1,
          1,
          1,
          1,
          1,
          1,
          1,
          null,
          null,
          1,
          1,
          null,
          null,
          null,
          1,
          1,
          1,
          1,
          7,
          1,
          null,
          null,
          null
        ]
      },
      "/Users/annie/MakersProjs/10-week/game_of_life/lib/board.rb": {
        "lines": [
          null,
          null,
          null,
          null,
          1,
          1,
          null,
          1,
          1,
          null,
          null,
          null,
          1,
          8,
          8,
          null,
          null,
          1,
          103,
          null,
          null,
          1,
          1,
          null,
          null,
          1,
          10,
          10,
          null,
          null,
          1,
          11,
          11,
          77,
          null,
          null,
          null,
          1,
          null,
          1,
          77,
          616,
          616,
          null,
          null,
          null,
          1,
          11257,
          null,
          null,
          1,
          9293,
          null,
          null,
          1,
          287,
          null,
          287,
          null,
          null,
          1,
          10,
          289,
          94,
          null,
          null,
          1,
          279,
          null,
          null
        ]
      },
      "/Users/annie/MakersProjs/10-week/game_of_life/spec/cell_spec.rb": {
        "lines": [
          null,
          null,
          1,
          null,
          1,
          1,
          1,
          null,
          null,
          1,
          1,
          1,
          null,
          null,
          1,
          1,
          1,
          null,
          null
        ]
      },
      "/Users/annie/MakersProjs/10-week/game_of_life/lib/cell.rb": {
        "lines": [
          null,
          null,
          1,
          1,
          null,
          1,
          3,
          null,
          null,
          1,
          1,
          null,
          null,
          1,
          1,
          null,
          null,
          1,
          3,
          null,
          null
        ]
      }
    },
    "timestamp": 1619519212
  }
}
