{
  "RSpec": {
    "coverage": {
      "/Users/annie/MakersProjs/10-week/game_of_life/spec/board_spec.rb": {
        "lines": [
          null,
          null,
          1,
          null,
          1,
          1,
          1,
          1,
          1,
          null,
          null,
          null,
          1,
          1,
          1,
          1,
          1,
          null,
          null,
          null,
          1,
          1,
          4,
          null,
          null,
          1,
          1,
          1,
          null,
          null,
          1,
          1,
          1,
          1,
          null,
          null,
          1,
          1,
          1,
          1,
          1,
          null,
          null,
          1,
          1,
          1,
          1,
          1,
          1,
          1,
          null,
          null,
          null,
          1,
          1,
          1,
          1,
          1,
          null,
          null,
          null,
          null,
          null,
          null,
          null,
          1,
          null,
          null,
          null
        ]
      },
      "/Users/annie/MakersProjs/10-week/game_of_life/lib/board.rb": {
        "lines": [
          null,
          null,
          null,
          null,
          1,
          1,
          null,
          1,
          1,
          null,
          null,
          null,
          1,
          7,
          7,
          null,
          null,
          1,
          26,
          null,
          null,
          1,
          1,
          null,
          null,
          1,
          4,
          4,
          null,
          null,
          1,
          5,
          5,
          12,
          null,
          null,
          null,
          1,
          null,
          1,
          12,
          96,
          96,
          30,
          null,
          66,
          null,
          null,
          null,
          null,
          1,
          800,
          null,
          null,
          1,
          440,
          null,
          null,
          1,
          66,
          null,
          66,
          null,
          null,
          1,
          4,
          71,
          65,
          null,
          null,
          1,
          58,
          null,
          null,
          1,
          58,
          null,
          null
        ]
      },
      "/Users/annie/MakersProjs/10-week/game_of_life/spec/cell_spec.rb": {
        "lines": [
          null,
          null,
          1,
          null,
          1,
          1,
          1,
          null,
          null,
          1,
          1,
          1,
          null,
          null,
          1,
          1,
          1,
          null,
          null
        ]
      },
      "/Users/annie/MakersProjs/10-week/game_of_life/lib/cell.rb": {
        "lines": [
          null,
          null,
          1,
          1,
          null,
          1,
          3,
          null,
          null,
          1,
          1,
          null,
          null,
          1,
          1,
          null,
          null,
          1,
          3,
          null,
          null
        ]
      }
    },
    "timestamp": 1619465460
  }
}
